<?xml version="1.0" encoding="UTF-8"?>
<!-- Generated by org.testng.reporters.JUnitXMLReporter -->
<testsuite ignored="0" hostname="DESKTOP-8HMH7MG" failures="0" tests="5" name="Default test" time="6.841" errors="0" timestamp="2023-01-24T00:04:58 EST">
  <testcase classname="NewTestingPractice.RegisterUserTestCases" name="A_enterName" time="0.111"/>
  <testcase classname="NewTestingPractice.RegisterUserTestCases" name="B_enterEmail" time="0.069"/>
  <testcase classname="NewTestingPractice.RegisterUserTestCases" name="C_registerUser" time="1.523"/>
  <testcase classname="NewTestingPractice.RegisterUserTestCases" name="D_datePicker" time="0.344"/>
  <testcase classname="NewTestingPractice.RegisterUserTestCases" name="D_verifyNameEmailVisible" time="0.088"/>
</testsuite> <!-- Default test -->
