<?xml version="1.0" encoding="UTF-8"?>
<!-- Generated by org.testng.reporters.JUnitXMLReporter -->
<testsuite ignored="0" hostname="DESKTOP-8HMH7MG" failures="0" tests="3" name="Demo test1" time="28.867" errors="0" timestamp="2022-12-11T14:30:12 EST">
  <testcase classname="PracticeWithDataSource.LoginWithDataProvider" name="loginPage" time="6.241"/>
  <testcase classname="PracticeWithDataSource.LoginWithDataProvider" name="loginPage" time="6.205"/>
  <testcase classname="PracticeWithDataSource.LoginWithDataProvider" name="loginPage" time="6.198"/>
</testsuite> <!-- Demo test1 -->
